2020-06-22 13:18:32.996  INFO 21852 --- [main] lavalink.server.Launcher                 : 

[32m       .  [31m _                  _ _       _    [32m__ _ _
[32m      /\\ [31m| | __ ___   ____ _| (_)_ __ | | __[32m\ \ \ \
[32m     ( ( )[31m| |/ _` \ \ / / _` | | | '_ \| |/ /[32m \ \ \ \
[32m      \\/ [31m| | (_| |\ V / (_| | | | | | |   < [32m  ) ) ) )
[32m       '  [31m|_|\__,_| \_/ \__,_|_|_|_| |_|_|\_\[32m / / / /
[0m    =========================================[32m/_/_/_/[0m

	Version:        e0f335000df475c342ffcad118e62c37d36ad78a-SNAPSHOT
	Build:          1069
	Build time:     17.06.2020 19:43:02 UTC
	Branch          master
	Commit:         e0f3350
	Commit time:    17.06.2020 19:35:15 UTC
	JVM:            13
	Lavaplayer      1.3.50

2020-06-22 13:18:33.157  INFO 21852 --- [main] lavalink.server.Launcher                 : Starting Launcher on DESKTOP-U04DUQO with PID 21852 (C:\Users\gandb\Documents\Atom\Python\Discord Bot\Lavalink.jar started by gandb in C:\Users\gandb\Documents\Atom\Python\Discord Bot)
2020-06-22 13:18:33.158  INFO 21852 --- [main] lavalink.server.Launcher                 : No active profile set, falling back to default profiles: default
2020-06-22 13:18:33.294  WARN 21852 --- [background-preinit] o.s.h.c.j.Jackson2ObjectMapperBuilder    : For Jackson Kotlin classes support please add "com.fasterxml.jackson.module:jackson-module-kotlin" to the classpath
2020-06-22 13:18:34.703  WARN 21852 --- [main] io.undertow.websockets.jsr               : UT026010: Buffer pool was not set on WebSocketDeploymentInfo, the default pool will be used
2020-06-22 13:18:34.736  INFO 21852 --- [main] io.undertow.servlet                      : Initializing Spring embedded WebApplicationContext
2020-06-22 13:18:34.737  INFO 21852 --- [main] o.s.web.context.ContextLoader            : Root WebApplicationContext: initialization completed in 1522 ms
2020-06-22 13:18:35.138  WARN 21852 --- [main] l.server.config.SentryConfiguration      : Turning off sentry
2020-06-22 13:18:35.148  INFO 21852 --- [main] l.s.c.AudioSendFactoryConfiguration      : OS: Windows 10, Arch: amd64
2020-06-22 13:18:35.149  INFO 21852 --- [main] l.s.c.AudioSendFactoryConfiguration      : JDA-NAS supported system detected. Enabled native audio sending.
2020-06-22 13:18:35.150  INFO 21852 --- [main] l.s.c.AudioSendFactoryConfiguration      : Setting buffer to 400ms
2020-06-22 13:18:35.150  INFO 21852 --- [main] l.s.c.AudioSendFactoryConfiguration      : Setting playlist load limit to 6
2020-06-22 13:18:35.465  INFO 21852 --- [main] c.s.d.l.tools.GarbageCollectionMonitor   : GC monitoring enabled, reporting results every 2 minutes.
2020-06-22 13:18:35.904  INFO 21852 --- [main] o.s.s.concurrent.ThreadPoolTaskExecutor  : Initializing ExecutorService 'applicationTaskExecutor'
2020-06-22 13:18:36.231  INFO 21852 --- [main] org.xnio                                 : XNIO version 3.3.8.Final
2020-06-22 13:18:36.247  INFO 21852 --- [main] org.xnio.nio                             : XNIO NIO Implementation Version 3.3.8.Final
2020-06-22 13:18:36.599  INFO 21852 --- [main] o.s.b.w.e.u.UndertowServletWebServer     : Undertow started on port(s) 5000 (http) with context path ''
2020-06-22 13:18:36.604  INFO 21852 --- [main] lavalink.server.Launcher                 : Started Launcher in 4.1 seconds (JVM running for 4.684)
2020-06-22 13:18:52.145  INFO 21852 --- [Thread-1] o.s.s.concurrent.ThreadPoolTaskExecutor  : Shutting down ExecutorService 'applicationTaskExecutor'
2020-06-22 13:18:52.156  INFO 21852 --- [Thread-1] c.s.d.l.tools.GarbageCollectionMonitor   : GC monitoring disabled.
2020-06-22 13:20:52.257  INFO 19120 --- [main] lavalink.server.Launcher                 : 

[32m       .  [31m _                  _ _       _    [32m__ _ _
[32m      /\\ [31m| | __ ___   ____ _| (_)_ __ | | __[32m\ \ \ \
[32m     ( ( )[31m| |/ _` \ \ / / _` | | | '_ \| |/ /[32m \ \ \ \
[32m      \\/ [31m| | (_| |\ V / (_| | | | | | |   < [32m  ) ) ) )
[32m       '  [31m|_|\__,_| \_/ \__,_|_|_|_| |_|_|\_\[32m / / / /
[0m    =========================================[32m/_/_/_/[0m

	Version:        e0f335000df475c342ffcad118e62c37d36ad78a-SNAPSHOT
	Build:          1069
	Build time:     17.06.2020 19:43:02 UTC
	Branch          master
	Commit:         e0f3350
	Commit time:    17.06.2020 19:35:15 UTC
	JVM:            13
	Lavaplayer      1.3.50

2020-06-22 13:20:52.389  INFO 19120 --- [main] lavalink.server.Launcher                 : Starting Launcher on DESKTOP-U04DUQO with PID 19120 (C:\Users\gandb\Documents\Atom\Python\Discord Bot\Lavalink.jar started by gandb in C:\Users\gandb\Documents\Atom\Python\Discord Bot)
2020-06-22 13:20:52.390  INFO 19120 --- [main] lavalink.server.Launcher                 : No active profile set, falling back to default profiles: default
2020-06-22 13:20:52.489  WARN 19120 --- [background-preinit] o.s.h.c.j.Jackson2ObjectMapperBuilder    : For Jackson Kotlin classes support please add "com.fasterxml.jackson.module:jackson-module-kotlin" to the classpath
2020-06-22 13:20:53.690  WARN 19120 --- [main] io.undertow.websockets.jsr               : UT026010: Buffer pool was not set on WebSocketDeploymentInfo, the default pool will be used
2020-06-22 13:20:53.718  INFO 19120 --- [main] io.undertow.servlet                      : Initializing Spring embedded WebApplicationContext
2020-06-22 13:20:53.719  INFO 19120 --- [main] o.s.web.context.ContextLoader            : Root WebApplicationContext: initialization completed in 1287 ms
2020-06-22 13:20:54.087  WARN 19120 --- [main] l.server.config.SentryConfiguration      : Turning off sentry
2020-06-22 13:20:54.095  INFO 19120 --- [main] l.s.c.AudioSendFactoryConfiguration      : OS: Windows 10, Arch: amd64
2020-06-22 13:20:54.096  INFO 19120 --- [main] l.s.c.AudioSendFactoryConfiguration      : JDA-NAS supported system detected. Enabled native audio sending.
2020-06-22 13:20:54.097  INFO 19120 --- [main] l.s.c.AudioSendFactoryConfiguration      : Setting buffer to 400ms
2020-06-22 13:20:54.098  INFO 19120 --- [main] l.s.c.AudioSendFactoryConfiguration      : Setting playlist load limit to 6
2020-06-22 13:20:54.341  INFO 19120 --- [main] c.s.d.l.tools.GarbageCollectionMonitor   : GC monitoring enabled, reporting results every 2 minutes.
2020-06-22 13:20:54.706  INFO 19120 --- [main] o.s.s.concurrent.ThreadPoolTaskExecutor  : Initializing ExecutorService 'applicationTaskExecutor'
2020-06-22 13:20:55.000  INFO 19120 --- [main] org.xnio                                 : XNIO version 3.3.8.Final
2020-06-22 13:20:55.012  INFO 19120 --- [main] org.xnio.nio                             : XNIO NIO Implementation Version 3.3.8.Final
2020-06-22 13:20:55.322  INFO 19120 --- [main] o.s.b.w.e.u.UndertowServletWebServer     : Undertow started on port(s) 5000 (http) with context path ''
2020-06-22 13:20:55.327  INFO 19120 --- [main] lavalink.server.Launcher                 : Started Launcher in 3.504 seconds (JVM running for 4.037)
2020-06-22 13:21:04.278  INFO 19120 --- [Thread-1] o.s.s.concurrent.ThreadPoolTaskExecutor  : Shutting down ExecutorService 'applicationTaskExecutor'
2020-06-22 13:21:04.285  INFO 19120 --- [Thread-1] c.s.d.l.tools.GarbageCollectionMonitor   : GC monitoring disabled.
2020-06-22 13:29:34.273  INFO 22960 --- [main] lavalink.server.Launcher                 : 

[32m       .  [31m _                  _ _       _    [32m__ _ _
[32m      /\\ [31m| | __ ___   ____ _| (_)_ __ | | __[32m\ \ \ \
[32m     ( ( )[31m| |/ _` \ \ / / _` | | | '_ \| |/ /[32m \ \ \ \
[32m      \\/ [31m| | (_| |\ V / (_| | | | | | |   < [32m  ) ) ) )
[32m       '  [31m|_|\__,_| \_/ \__,_|_|_|_| |_|_|\_\[32m / / / /
[0m    =========================================[32m/_/_/_/[0m

	Version:        e0f335000df475c342ffcad118e62c37d36ad78a-SNAPSHOT
	Build:          1069
	Build time:     17.06.2020 19:43:02 UTC
	Branch          master
	Commit:         e0f3350
	Commit time:    17.06.2020 19:35:15 UTC
	JVM:            13
	Lavaplayer      1.3.50

2020-06-22 13:29:34.394  INFO 22960 --- [main] lavalink.server.Launcher                 : Starting Launcher on DESKTOP-U04DUQO with PID 22960 (C:\Users\gandb\Documents\Atom\Python\DiscordBot\Lavalink.jar started by gandb in C:\Users\gandb\Documents\Atom\Python\DiscordBot)
2020-06-22 13:29:34.395  INFO 22960 --- [main] lavalink.server.Launcher                 : No active profile set, falling back to default profiles: default
2020-06-22 13:29:34.484  WARN 22960 --- [background-preinit] o.s.h.c.j.Jackson2ObjectMapperBuilder    : For Jackson Kotlin classes support please add "com.fasterxml.jackson.module:jackson-module-kotlin" to the classpath
2020-06-22 13:29:35.845  WARN 22960 --- [main] io.undertow.websockets.jsr               : UT026010: Buffer pool was not set on WebSocketDeploymentInfo, the default pool will be used
2020-06-22 13:29:35.873  INFO 22960 --- [main] io.undertow.servlet                      : Initializing Spring embedded WebApplicationContext
2020-06-22 13:29:35.874  INFO 22960 --- [main] o.s.web.context.ContextLoader            : Root WebApplicationContext: initialization completed in 1435 ms
2020-06-22 13:29:36.245  WARN 22960 --- [main] l.server.config.SentryConfiguration      : Turning off sentry
2020-06-22 13:29:36.252  INFO 22960 --- [main] l.s.c.AudioSendFactoryConfiguration      : OS: Windows 10, Arch: amd64
2020-06-22 13:29:36.253  INFO 22960 --- [main] l.s.c.AudioSendFactoryConfiguration      : JDA-NAS supported system detected. Enabled native audio sending.
2020-06-22 13:29:36.254  INFO 22960 --- [main] l.s.c.AudioSendFactoryConfiguration      : Setting buffer to 400ms
2020-06-22 13:29:36.255  INFO 22960 --- [main] l.s.c.AudioSendFactoryConfiguration      : Setting playlist load limit to 6
2020-06-22 13:29:36.524  INFO 22960 --- [main] c.s.d.l.tools.GarbageCollectionMonitor   : GC monitoring enabled, reporting results every 2 minutes.
2020-06-22 13:29:36.939  INFO 22960 --- [main] o.s.s.concurrent.ThreadPoolTaskExecutor  : Initializing ExecutorService 'applicationTaskExecutor'
2020-06-22 13:29:37.246  INFO 22960 --- [main] org.xnio                                 : XNIO version 3.3.8.Final
2020-06-22 13:29:37.258  INFO 22960 --- [main] org.xnio.nio                             : XNIO NIO Implementation Version 3.3.8.Final
2020-06-22 13:29:37.600  INFO 22960 --- [main] o.s.b.w.e.u.UndertowServletWebServer     : Undertow started on port(s) 5000 (http) with context path ''
2020-06-22 13:29:37.606  INFO 22960 --- [main] lavalink.server.Launcher                 : Started Launcher in 3.827 seconds (JVM running for 4.319)
2020-06-22 13:29:50.277  INFO 22960 --- [Thread-1] o.s.s.concurrent.ThreadPoolTaskExecutor  : Shutting down ExecutorService 'applicationTaskExecutor'
2020-06-22 13:29:50.284  INFO 22960 --- [Thread-1] c.s.d.l.tools.GarbageCollectionMonitor   : GC monitoring disabled.
2020-06-22 17:33:19.805  INFO 19596 --- [main] lavalink.server.Launcher                 : 

[32m       .  [31m _                  _ _       _    [32m__ _ _
[32m      /\\ [31m| | __ ___   ____ _| (_)_ __ | | __[32m\ \ \ \
[32m     ( ( )[31m| |/ _` \ \ / / _` | | | '_ \| |/ /[32m \ \ \ \
[32m      \\/ [31m| | (_| |\ V / (_| | | | | | |   < [32m  ) ) ) )
[32m       '  [31m|_|\__,_| \_/ \__,_|_|_|_| |_|_|\_\[32m / / / /
[0m    =========================================[32m/_/_/_/[0m

	Version:        e0f335000df475c342ffcad118e62c37d36ad78a-SNAPSHOT
	Build:          1069
	Build time:     17.06.2020 19:43:02 UTC
	Branch          master
	Commit:         e0f3350
	Commit time:    17.06.2020 19:35:15 UTC
	JVM:            13
	Lavaplayer      1.3.50

2020-06-22 17:33:19.899  INFO 19596 --- [main] lavalink.server.Launcher                 : Starting Launcher on DESKTOP-U04DUQO with PID 19596 (C:\Users\gandb\Documents\Atom\Python\DiscordBot\Lavalink.jar started by gandb in C:\Users\gandb\Documents\Atom\Python\DiscordBot)
2020-06-22 17:33:19.900  INFO 19596 --- [main] lavalink.server.Launcher                 : No active profile set, falling back to default profiles: default
2020-06-22 17:33:20.027  WARN 19596 --- [background-preinit] o.s.h.c.j.Jackson2ObjectMapperBuilder    : For Jackson Kotlin classes support please add "com.fasterxml.jackson.module:jackson-module-kotlin" to the classpath
2020-06-22 17:33:21.309  WARN 19596 --- [main] io.undertow.websockets.jsr               : UT026010: Buffer pool was not set on WebSocketDeploymentInfo, the default pool will be used
2020-06-22 17:33:21.340  INFO 19596 --- [main] io.undertow.servlet                      : Initializing Spring embedded WebApplicationContext
2020-06-22 17:33:21.340  INFO 19596 --- [main] o.s.web.context.ContextLoader            : Root WebApplicationContext: initialization completed in 1396 ms
2020-06-22 17:33:21.745  WARN 19596 --- [main] l.server.config.SentryConfiguration      : Turning off sentry
2020-06-22 17:33:21.752  INFO 19596 --- [main] l.s.c.AudioSendFactoryConfiguration      : OS: Windows 10, Arch: amd64
2020-06-22 17:33:21.752  INFO 19596 --- [main] l.s.c.AudioSendFactoryConfiguration      : JDA-NAS supported system detected. Enabled native audio sending.
2020-06-22 17:33:21.752  INFO 19596 --- [main] l.s.c.AudioSendFactoryConfiguration      : Setting buffer to 400ms
2020-06-22 17:33:21.753  INFO 19596 --- [main] l.s.c.AudioSendFactoryConfiguration      : Setting playlist load limit to 6
2020-06-22 17:33:22.024  INFO 19596 --- [main] c.s.d.l.tools.GarbageCollectionMonitor   : GC monitoring enabled, reporting results every 2 minutes.
2020-06-22 17:33:22.448  INFO 19596 --- [main] o.s.s.concurrent.ThreadPoolTaskExecutor  : Initializing ExecutorService 'applicationTaskExecutor'
2020-06-22 17:33:22.777  INFO 19596 --- [main] org.xnio                                 : XNIO version 3.3.8.Final
2020-06-22 17:33:22.789  INFO 19596 --- [main] org.xnio.nio                             : XNIO NIO Implementation Version 3.3.8.Final
2020-06-22 17:33:23.136  INFO 19596 --- [main] o.s.b.w.e.u.UndertowServletWebServer     : Undertow started on port(s) 5000 (http) with context path ''
2020-06-22 17:33:23.140  INFO 19596 --- [main] lavalink.server.Launcher                 : Started Launcher in 3.822 seconds (JVM running for 4.315)
2020-06-22 17:33:23.501  INFO 19596 --- [XNIO-1 task-1] io.undertow.servlet                      : Initializing Spring DispatcherServlet 'dispatcherServlet'
2020-06-22 17:33:23.502  INFO 19596 --- [XNIO-1 task-1] o.s.web.servlet.DispatcherServlet        : Initializing Servlet 'dispatcherServlet'
2020-06-22 17:33:23.509  INFO 19596 --- [XNIO-1 task-1] o.s.web.servlet.DispatcherServlet        : Completed initialization in 6 ms
2020-06-22 17:33:23.536  INFO 19596 --- [XNIO-1 task-1] l.server.io.HandshakeInterceptorImpl     : Incoming connection from /0:0:0:0:0:0:0:1:59105
2020-06-22 17:33:23.672  INFO 19596 --- [XNIO-1 task-1] lavalink.server.io.SocketServer          : Connection successfully established from /0:0:0:0:0:0:0:1:59105
2020-06-22 17:33:23.694  INFO 19596 --- [XNIO-1 I/O-4] lavalink.server.io.SocketServer          : {"op": "configureResuming", "key": "music-node", "timeout": 60}
